<?xml version="1.0" encoding="UTF-8"?>
<!-- Generated by org.testng.reporters.JUnitReportReporter -->
<testsuite hostname="RW-LAP-015" failures="0" tests="3" name="com.rwire.testCases.TC_NumberSearch_18" time="51.919" errors="0" timestamp="2024-02-05T15:57:34 IST" skipped="0">
  <testcase classname="com.rwire.testCases.TC_NumberSearch_18" name="PubnoAllcheckTest" time="30.507"/>
  <system-out/>
  <testcase classname="com.rwire.testCases.TC_NumberSearch_18" name="AppnoAllcheckTest" time="10.713"/>
  <system-out/>
  <testcase classname="com.rwire.testCases.TC_NumberSearch_18" name="PRNnoAllcheckTest" time="10.699"/>
  <system-out/>
</testsuite> <!-- com.rwire.testCases.TC_NumberSearch_18 -->
