<?xml version="1.0" encoding="UTF-8"?>
<!-- Generated by org.testng.reporters.JUnitReportReporter -->
<testsuite hostname="RW-LAP-015" failures="0" tests="1" name="com.rwire.testCases.FieldedSearch1" time="48.933" errors="0" timestamp="2023-06-29T18:55:30 IST" skipped="0">
  <testcase classname="com.rwire.testCases.FieldedSearch1" name="ExportTest" time="48.933"/>
  <system-out/>
</testsuite> <!-- com.rwire.testCases.FieldedSearch1 -->
