<?xml version="1.0" encoding="UTF-8"?>
<!-- Generated by org.testng.reporters.JUnitReportReporter -->
<testsuite hostname="RW-LAP-015" failures="0" tests="1" name="com.rwire.testCases.TC_FieldedTest_13" time="26.565" errors="0" timestamp="2023-07-05T18:14:13 IST" skipped="0">
  <testcase classname="com.rwire.testCases.TC_FieldedTest_13" name="FieldedTest1" time="26.565"/>
  <system-out/>
</testsuite> <!-- com.rwire.testCases.TC_FieldedTest_13 -->
