<?xml version="1.0" encoding="UTF-8"?>
<!-- Generated by org.testng.reporters.JUnitReportReporter -->
<testsuite hostname="RW-LAP-015" failures="0" tests="5" name="com.rwire.testCases.TC_ExpertTest_004" time="75.962" errors="0" timestamp="2023-06-14T18:21:31 IST" skipped="0">
  <testcase classname="com.rwire.testCases.TC_ExpertTest_004" name="TitleTest" time="37.969"/>
  <system-out/>
  <testcase classname="com.rwire.testCases.TC_ExpertTest_004" name="AbstractTest" time="8.545"/>
  <system-out/>
  <testcase classname="com.rwire.testCases.TC_ExpertTest_004" name="ClaimTest" time="8.470"/>
  <system-out/>
  <testcase classname="com.rwire.testCases.TC_ExpertTest_004" name="DescTest" time="8.565"/>
  <system-out/>
  <testcase classname="com.rwire.testCases.TC_ExpertTest_004" name="ALLTest" time="12.413"/>
  <system-out/>
</testsuite> <!-- com.rwire.testCases.TC_ExpertTest_004 -->
