<?xml version="1.0" encoding="UTF-8"?>
<!-- Generated by org.testng.reporters.JUnitReportReporter -->
<testsuite hostname="RW-LAP-015" failures="0" tests="3" name="com.rwire.testCases.TC_NoTextFileUploadTest" time="92.607" errors="0" timestamp="2024-02-05T15:57:34 IST" skipped="0">
  <testcase classname="com.rwire.testCases.TC_NoTextFileUploadTest" name="Pub50TxtFileUpTest" time="37.621"/>
  <system-out/>
  <testcase classname="com.rwire.testCases.TC_NoTextFileUploadTest" name="App50TxtFileUpTest" time="27.519"/>
  <system-out/>
  <testcase classname="com.rwire.testCases.TC_NoTextFileUploadTest" name="Prn50TxtFileUpTest" time="27.467"/>
  <system-out/>
</testsuite> <!-- com.rwire.testCases.TC_NoTextFileUploadTest -->
