<?xml version="1.0" encoding="UTF-8"?>
<!-- Generated by org.testng.reporters.JUnitReportReporter -->
<testsuite hostname="RW-LAP-015" failures="0" tests="2" name="com.resultspage.testCases.TC_QuickTest" time="41.262" errors="0" timestamp="2024-02-05T15:57:34 IST" skipped="0">
  <testcase classname="com.resultspage.testCases.TC_QuickTest" name="QuickMTest" time="29.328"/>
  <system-out/>
  <testcase classname="com.resultspage.testCases.TC_QuickTest" name="QuickFiltersTest" time="11.934"/>
  <system-out/>
</testsuite> <!-- com.resultspage.testCases.TC_QuickTest -->
