<?xml version="1.0" encoding="UTF-8"?>
<!-- Generated by org.testng.reporters.JUnitReportReporter -->
<testsuite hostname="RW-LAP-015" failures="0" tests="5" name="com.rwire.testCases.TC_ExpertTextTest_004" time="61.451" errors="0" timestamp="2024-02-05T15:57:34 IST" skipped="0">
  <testcase classname="com.rwire.testCases.TC_ExpertTextTest_004" name="TitleTest" time="22.025"/>
  <system-out/>
  <testcase classname="com.rwire.testCases.TC_ExpertTextTest_004" name="AbstractTest" time="8.625"/>
  <system-out/>
  <testcase classname="com.rwire.testCases.TC_ExpertTextTest_004" name="ClaimTest" time="8.562"/>
  <system-out/>
  <testcase classname="com.rwire.testCases.TC_ExpertTextTest_004" name="DescTest" time="9.709"/>
  <system-out/>
  <testcase classname="com.rwire.testCases.TC_ExpertTextTest_004" name="ALLTest" time="12.530"/>
  <system-out/>
</testsuite> <!-- com.rwire.testCases.TC_ExpertTextTest_004 -->
