<?xml version="1.0" encoding="UTF-8"?>
<!-- Generated by org.testng.reporters.JUnitReportReporter -->
<testsuite hostname="RW-LAP-015" failures="0" tests="3" name="com.rwire.testCases.TC_PatentViewTest" time="56.657" errors="0" timestamp="2024-03-11T18:20:39 IST" skipped="0">
  <testcase classname="com.rwire.testCases.TC_PatentViewTest" name="PatentViewTest1" time="50.224"/>
  <system-out/>
  <testcase classname="com.rwire.testCases.TC_PatentViewTest" name="PatentVCPCTable2" time="4.276"/>
  <system-out/>
  <testcase classname="com.rwire.testCases.TC_PatentViewTest" name="PatentVUSTable3" time="2.157"/>
  <system-out/>
</testsuite> <!-- com.rwire.testCases.TC_PatentViewTest -->
