<?xml version="1.0" encoding="UTF-8"?>
<!-- Generated by org.testng.reporters.JUnitReportReporter -->
<testsuite hostname="RW-LAP-015" failures="0" tests="2" name="com.rwire.testCases.TC_PatentPubTest" time="33.650" errors="0" timestamp="2024-02-05T15:57:34 IST" skipped="0">
  <testcase classname="com.rwire.testCases.TC_PatentPubTest" name="PubApplicationTest" time="24.152"/>
  <system-out/>
  <testcase classname="com.rwire.testCases.TC_PatentPubTest" name="PubGrantTest" time="9.498"/>
  <system-out/>
</testsuite> <!-- com.rwire.testCases.TC_PatentPubTest -->
