<?xml version="1.0" encoding="UTF-8"?>
<!-- Generated by org.testng.reporters.JUnitReportReporter -->
<testsuite hostname="RW-LAP-015" failures="0" tests="13" name="com.resultspage.testCases.TC_Sort" time="131.955" errors="0" timestamp="2024-02-05T15:57:34 IST" skipped="0">
  <testcase classname="com.resultspage.testCases.TC_Sort" name="RelevancyS" time="29.990"/>
  <system-out/>
  <testcase classname="com.resultspage.testCases.TC_Sort" name="PublicationCtryS" time="8.464"/>
  <system-out/>
  <testcase classname="com.resultspage.testCases.TC_Sort" name="ApplicationCtryS" time="8.420"/>
  <system-out/>
  <testcase classname="com.resultspage.testCases.TC_Sort" name="ApplicationDateS" time="8.424"/>
  <system-out/>
  <testcase classname="com.resultspage.testCases.TC_Sort" name="AssigneeCtryS" time="8.395"/>
  <system-out/>
  <testcase classname="com.resultspage.testCases.TC_Sort" name="AssigneeCountS" time="8.391"/>
  <system-out/>
  <testcase classname="com.resultspage.testCases.TC_Sort" name="ApplicantCountS" time="8.416"/>
  <system-out/>
  <testcase classname="com.resultspage.testCases.TC_Sort" name="InventorCountS" time="8.407"/>
  <system-out/>
  <testcase classname="com.resultspage.testCases.TC_Sort" name="PriorityCtryS" time="8.414"/>
  <system-out/>
  <testcase classname="com.resultspage.testCases.TC_Sort" name="PriorityDateS" time="8.376"/>
  <system-out/>
  <testcase classname="com.resultspage.testCases.TC_Sort" name="EPriorityDateS" time="8.440"/>
  <system-out/>
  <testcase classname="com.resultspage.testCases.TC_Sort" name="PublicationDateS" time="9.417"/>
  <system-out/>
  <testcase classname="com.resultspage.testCases.TC_Sort" name="PublicationKindCodeS" time="8.401"/>
  <system-out/>
</testsuite> <!-- com.resultspage.testCases.TC_Sort -->
