<?xml version="1.0" encoding="UTF-8"?>
<!-- Generated by org.testng.reporters.JUnitReportReporter -->
<testsuite hostname="RW-LAP-015" failures="0" tests="5" name="com.rwire.testCases.TC_SmartsearchTest_002" time="58.814" errors="0" timestamp="2024-02-05T15:57:34 IST" skipped="0">
  <testcase classname="com.rwire.testCases.TC_SmartsearchTest_002" name="SearchbarTest5" time="8.716"/>
  <system-out/>
  <testcase classname="com.rwire.testCases.TC_SmartsearchTest_002" name="SearchbarTest4" time="9.085"/>
  <system-out/>
  <testcase classname="com.rwire.testCases.TC_SmartsearchTest_002" name="SearchbarTest1" time="23.247"/>
  <system-out/>
  <testcase classname="com.rwire.testCases.TC_SmartsearchTest_002" name="SearchbarTest2" time="8.902"/>
  <system-out/>
  <testcase classname="com.rwire.testCases.TC_SmartsearchTest_002" name="SearchbarTest3" time="8.864"/>
  <system-out/>
</testsuite> <!-- com.rwire.testCases.TC_SmartsearchTest_002 -->
