<?xml version="1.0" encoding="UTF-8"?>
<!-- Generated by org.testng.reporters.JUnitReportReporter -->
<testsuite hostname="RW-LAP-015" failures="0" tests="1" name="com.rwire.testCases.TC_NormalExportTest" time="155.580" errors="0" timestamp="2024-01-16T17:42:33 IST" skipped="0">
  <testcase classname="com.rwire.testCases.TC_NormalExportTest" name="ExportTest" time="155.580"/>
  <system-out/>
</testsuite> <!-- com.rwire.testCases.TC_NormalExportTest -->
