<?xml version="1.0" encoding="UTF-8"?>
<!-- Generated by org.testng.reporters.JUnitReportReporter -->
<testsuite hostname="RW-LAP-015" failures="0" tests="1" name="com.resultspage.testCases.TC_EditFieldTest" time="25.503" errors="0" timestamp="2024-03-08T16:46:32 IST" skipped="0">
  <testcase classname="com.resultspage.testCases.TC_EditFieldTest" name="EditFieldTest" time="25.503"/>
  <system-out/>
</testsuite> <!-- com.resultspage.testCases.TC_EditFieldTest -->
