<?xml version="1.0" encoding="UTF-8"?>
<!-- Generated by org.testng.reporters.JUnitReportReporter -->
<testsuite hostname="RW-LAP-015" failures="0" tests="4" name="com.rwire.testCases.TC_ExpertCountriesTest_11" time="55.873" errors="0" timestamp="2024-02-05T15:57:34 IST" skipped="0">
  <testcase classname="com.rwire.testCases.TC_ExpertCountriesTest_11" name="PubCountryTest" time="27.467"/>
  <system-out/>
  <testcase classname="com.rwire.testCases.TC_ExpertCountriesTest_11" name="AppCountryTest" time="9.498"/>
  <system-out/>
  <testcase classname="com.rwire.testCases.TC_ExpertCountriesTest_11" name="PriorityCountryTest" time="9.450"/>
  <system-out/>
  <testcase classname="com.rwire.testCases.TC_ExpertCountriesTest_11" name="PCTPubCountryTest" time="9.458"/>
  <system-out/>
</testsuite> <!-- com.rwire.testCases.TC_ExpertCountriesTest_11 -->
