<?xml version="1.0" encoding="UTF-8"?>
<!-- Generated by org.testng.reporters.JUnitReportReporter -->
<testsuite hostname="RW-LAP-015" failures="0" tests="2" name="com.rwire.testCases.TC_BotanicTest" time="33.457" errors="0" timestamp="2024-02-05T15:57:34 IST" skipped="0">
  <testcase classname="com.rwire.testCases.TC_BotanicTest" name="BONTest" time="24.662"/>
  <system-out/>
  <testcase classname="com.rwire.testCases.TC_BotanicTest" name="BOVTest" time="8.795"/>
  <system-out/>
</testsuite> <!-- com.rwire.testCases.TC_BotanicTest -->
