<?xml version="1.0" encoding="UTF-8"?>
<!-- Generated by org.testng.reporters.JUnitReportReporter -->
<testsuite hostname="RW-LAP-015" failures="0" tests="3" name="com.rwire.testCases.TC_NumberSearch_17" time="50.961" errors="0" timestamp="2024-02-05T15:57:34 IST" skipped="0">
  <testcase classname="com.rwire.testCases.TC_NumberSearch_17" name="PubNumberSTest" time="27.190"/>
  <system-out/>
  <testcase classname="com.rwire.testCases.TC_NumberSearch_17" name="AppNumberSTest" time="12.789"/>
  <system-out/>
  <testcase classname="com.rwire.testCases.TC_NumberSearch_17" name="PRNNumberSTest" time="10.982"/>
  <system-out/>
</testsuite> <!-- com.rwire.testCases.TC_NumberSearch_17 -->
