<?xml version="1.0" encoding="UTF-8"?>
<!-- Generated by org.testng.reporters.JUnitReportReporter -->
<testsuite hostname="RW-LAP-015" failures="0" tests="9" name="com.rwire.testCases.ExpertPeopleO_006" time="113.813" errors="0" timestamp="2023-06-15T16:34:39 IST" skipped="0">
  <testcase classname="com.rwire.testCases.ExpertPeopleO_006" name="CAOriginalTest" time="40.063"/>
  <system-out/>
  <testcase classname="com.rwire.testCases.ExpertPeopleO_006" name="CAStandardizedTest" time="10.751"/>
  <system-out/>
  <testcase classname="com.rwire.testCases.ExpertPeopleO_006" name="CANormalizedTest" time="10.793"/>
  <system-out/>
  <testcase classname="com.rwire.testCases.ExpertPeopleO_006" name="InventorTest" time="8.633"/>
  <system-out/>
  <testcase classname="com.rwire.testCases.ExpertPeopleO_006" name="ExaminerTest" time="8.539"/>
  <system-out/>
  <testcase classname="com.rwire.testCases.ExpertPeopleO_006" name="AttorneyAgentTest" time="8.804"/>
  <system-out/>
  <testcase classname="com.rwire.testCases.ExpertPeopleO_006" name="AAPOriginalTest" time="8.840"/>
  <system-out/>
  <testcase classname="com.rwire.testCases.ExpertPeopleO_006" name="AAPStandardizedTest" time="8.741"/>
  <system-out/>
  <testcase classname="com.rwire.testCases.ExpertPeopleO_006" name="AAPNormalizedTest" time="8.649"/>
  <system-out/>
</testsuite> <!-- com.rwire.testCases.ExpertPeopleO_006 -->
