<?xml version="1.0" encoding="UTF-8"?>
<!-- Generated by org.testng.reporters.JUnitReportReporter -->
<testsuite hostname="RW-LAP-015" failures="0" tests="1" name="com.rwire.testCases.TC_FieldedTest_15" time="40.007" errors="0" timestamp="2024-02-05T15:57:34 IST" skipped="0">
  <testcase classname="com.rwire.testCases.TC_FieldedTest_15" name="FieldedTest3" time="40.007"/>
  <system-out/>
</testsuite> <!-- com.rwire.testCases.TC_FieldedTest_15 -->
