<?xml version="1.0" encoding="UTF-8"?>
<!-- Generated by org.testng.reporters.JUnitReportReporter -->
<testsuite hostname="RW-LAP-015" failures="0" tests="1" name="com.resultspage.testCases.TC_InsightsFilters" time="21.590" errors="0" timestamp="2024-02-23T15:39:52 IST" skipped="0">
  <testcase classname="com.resultspage.testCases.TC_InsightsFilters" name="CogFiltersTest" time="21.590"/>
  <system-out/>
</testsuite> <!-- com.resultspage.testCases.TC_InsightsFilters -->
