<?xml version="1.0" encoding="UTF-8"?>
<!-- Generated by org.testng.reporters.JUnitReportReporter -->
<testsuite hostname="RW-LAP-015" failures="0" tests="1" name="com.resultspage.testCases.TC_Insights" time="62.754" errors="0" timestamp="2024-02-13T16:58:26 IST" skipped="0">
  <testcase classname="com.resultspage.testCases.TC_Insights" name="CogniGraphsTest" time="62.754"/>
  <system-out/>
</testsuite> <!-- com.resultspage.testCases.TC_Insights -->
