<?xml version="1.0" encoding="UTF-8"?>
<!-- Generated by org.testng.reporters.JUnitReportReporter -->
<testsuite hostname="RW-LAP-015" failures="0" tests="3" name="com.rwire.testCases.TC_PatentStatusTest" time="42.942" errors="0" timestamp="2024-02-05T15:57:34 IST" skipped="0">
  <testcase classname="com.rwire.testCases.TC_PatentStatusTest" name="StatusFiledTest" time="23.897"/>
  <system-out/>
  <testcase classname="com.rwire.testCases.TC_PatentStatusTest" name="StatusCeasedTest" time="9.492"/>
  <system-out/>
  <testcase classname="com.rwire.testCases.TC_PatentStatusTest" name="StatusGrantedTest" time="9.553"/>
  <system-out/>
</testsuite> <!-- com.rwire.testCases.TC_PatentStatusTest -->
