<?xml version="1.0" encoding="UTF-8"?>
<!-- Generated by org.testng.reporters.JUnitReportReporter -->
<testsuite hostname="RW-LAP-015" failures="0" tests="3" name="com.rwire.testCases.TC_PatentTypeTest" time="42.919" errors="0" timestamp="2024-02-05T15:57:34 IST" skipped="0">
  <testcase classname="com.rwire.testCases.TC_PatentTypeTest" name="TypeUtilityTest" time="23.943"/>
  <system-out/>
  <testcase classname="com.rwire.testCases.TC_PatentTypeTest" name="TypePlantTest" time="9.482"/>
  <system-out/>
  <testcase classname="com.rwire.testCases.TC_PatentTypeTest" name="TypeDesignTest" time="9.494"/>
  <system-out/>
</testsuite> <!-- com.rwire.testCases.TC_PatentTypeTest -->
