<?xml version="1.0" encoding="UTF-8"?>
<!-- Generated by org.testng.reporters.JUnitReportReporter -->
<testsuite hostname="RW-LAP-015" failures="0" tests="4" name="com.resultspage.testCases.TC_ClassSTest" time="62.593" errors="0" timestamp="2024-03-12T16:45:00 IST" skipped="0">
  <testcase classname="com.resultspage.testCases.TC_ClassSTest" name="ClassesSuggTest1" time="26.029"/>
  <system-out/>
  <testcase classname="com.resultspage.testCases.TC_ClassSTest" name="ClassesSuggTest2" time="13.602"/>
  <system-out/>
  <testcase classname="com.resultspage.testCases.TC_ClassSTest" name="ClassesSuggTest3" time="12.512"/>
  <system-out/>
  <testcase classname="com.resultspage.testCases.TC_ClassSTest" name="ClassesSuggTest4" time="10.450"/>
  <system-out/>
</testsuite> <!-- com.resultspage.testCases.TC_ClassSTest -->
