<?xml version="1.0" encoding="UTF-8"?>
<!-- Generated by org.testng.reporters.JUnitReportReporter -->
<testsuite hostname="RW-LAP-015" failures="0" tests="9" name="com.rwire.testCases.ExpertPeopleO" time="112.772" errors="0" timestamp="2023-06-14T18:21:31 IST" skipped="0">
  <testcase classname="com.rwire.testCases.ExpertPeopleO" name="CAOriginalTest" time="39.954"/>
  <system-out/>
  <testcase classname="com.rwire.testCases.ExpertPeopleO" name="CAStandardizedTest" time="10.637"/>
  <system-out/>
  <testcase classname="com.rwire.testCases.ExpertPeopleO" name="CANormalizedTest" time="10.654"/>
  <system-out/>
  <testcase classname="com.rwire.testCases.ExpertPeopleO" name="InventorTest" time="8.496"/>
  <system-out/>
  <testcase classname="com.rwire.testCases.ExpertPeopleO" name="ExaminerTest" time="8.560"/>
  <system-out/>
  <testcase classname="com.rwire.testCases.ExpertPeopleO" name="AttorneyAgentTest" time="8.695"/>
  <system-out/>
  <testcase classname="com.rwire.testCases.ExpertPeopleO" name="AAPOriginalTest" time="8.646"/>
  <system-out/>
  <testcase classname="com.rwire.testCases.ExpertPeopleO" name="AAPStandardizedTest" time="8.619"/>
  <system-out/>
  <testcase classname="com.rwire.testCases.ExpertPeopleO" name="AAPNormalizedTest" time="8.511"/>
  <system-out/>
</testsuite> <!-- com.rwire.testCases.ExpertPeopleO -->
