<?xml version="1.0" encoding="UTF-8"?>
<!-- Generated by org.testng.reporters.JUnitReportReporter -->
<testsuite hostname="RW-LAP-015" failures="0" tests="2" name="com.rwire.testCases.TC_BotanicTest" time="33.482" errors="0" timestamp="2024-02-14T08:44:07 IST" skipped="0">
  <testcase classname="com.rwire.testCases.TC_BotanicTest" name="BONTest" time="24.725"/>
  <system-out/>
  <testcase classname="com.rwire.testCases.TC_BotanicTest" name="BOVTest" time="8.757"/>
  <system-out/>
</testsuite> <!-- com.rwire.testCases.TC_BotanicTest -->
