<?xml version="1.0" encoding="UTF-8"?>
<!-- Generated by org.testng.reporters.JUnitReportReporter -->
<testsuite hostname="RW-LAP-015" failures="0" tests="3" name="com.rwire.testCases.TC_CitationTest" time="40.421" errors="0" timestamp="2024-02-05T15:57:34 IST" skipped="0">
  <testcase classname="com.rwire.testCases.TC_CitationTest" name="BCNTest" time="22.271"/>
  <system-out/>
  <testcase classname="com.rwire.testCases.TC_CitationTest" name="BCPTest" time="9.049"/>
  <system-out/>
  <testcase classname="com.rwire.testCases.TC_CitationTest" name="FCPTest" time="9.101"/>
  <system-out/>
</testsuite> <!-- com.rwire.testCases.TC_CitationTest -->
