<?xml version="1.0" encoding="UTF-8"?>
<!-- Generated by org.testng.reporters.JUnitReportReporter -->
<testsuite hostname="RW-LAP-015" failures="0" tests="2" name="com.resultspage.testCases.TC_KeywordSTest" time="35.382" errors="0" timestamp="2024-02-12T15:22:26 IST" skipped="0">
  <testcase classname="com.resultspage.testCases.TC_KeywordSTest" name="KeywordSuggTest1" time="23.044"/>
  <system-out/>
  <testcase classname="com.resultspage.testCases.TC_KeywordSTest" name="KeywordSuggTest2" time="12.338"/>
  <system-out/>
</testsuite> <!-- com.resultspage.testCases.TC_KeywordSTest -->
