<?xml version="1.0" encoding="UTF-8"?>
<!-- Generated by org.testng.reporters.JUnitReportReporter -->
<testsuite hostname="RW-LAP-015" failures="0" tests="8" name="com.rwire.testCases.TC_ExpertClassesTest_005" time="85.123" errors="0" timestamp="2024-02-05T15:57:34 IST" skipped="0">
  <testcase classname="com.rwire.testCases.TC_ExpertClassesTest_005" name="CPCTest" time="24.248"/>
  <system-out/>
  <testcase classname="com.rwire.testCases.TC_ExpertClassesTest_005" name="CPCPTest" time="8.570"/>
  <system-out/>
  <testcase classname="com.rwire.testCases.TC_ExpertClassesTest_005" name="ECLTest" time="8.683"/>
  <system-out/>
  <testcase classname="com.rwire.testCases.TC_ExpertClassesTest_005" name="IPCTest" time="8.910"/>
  <system-out/>
  <testcase classname="com.rwire.testCases.TC_ExpertClassesTest_005" name="JCLTest" time="8.828"/>
  <system-out/>
  <testcase classname="com.rwire.testCases.TC_ExpertClassesTest_005" name="USCTest" time="8.608"/>
  <system-out/>
  <testcase classname="com.rwire.testCases.TC_ExpertClassesTest_005" name="PCLTest" time="8.660"/>
  <system-out/>
  <testcase classname="com.rwire.testCases.TC_ExpertClassesTest_005" name="LCTest" time="8.616"/>
  <system-out/>
</testsuite> <!-- com.rwire.testCases.TC_ExpertClassesTest_005 -->
