<?xml version="1.0" encoding="UTF-8"?>
<!-- Generated by org.testng.reporters.JUnitReportReporter -->
<testsuite hostname="RW-LAP-015" failures="0" tests="7" name="com.rwire.testCases.ExpertAddressTest_008" time="92.340" errors="0" timestamp="2023-06-22T17:43:03 IST" skipped="0">
  <testcase classname="com.rwire.testCases.ExpertAddressTest_008" name="ApplicantAddTest" time="37.992"/>
  <system-out/>
  <testcase classname="com.rwire.testCases.ExpertAddressTest_008" name="AssigneeAddTest" time="8.417"/>
  <system-out/>
  <testcase classname="com.rwire.testCases.ExpertAddressTest_008" name="AssigneeCountryTest" time="8.434"/>
  <system-out/>
  <testcase classname="com.rwire.testCases.ExpertAddressTest_008" name="AttorneyagentAddTest" time="8.944"/>
  <system-out/>
  <testcase classname="com.rwire.testCases.ExpertAddressTest_008" name="CorrespondentAddTest" time="8.964"/>
  <system-out/>
  <testcase classname="com.rwire.testCases.ExpertAddressTest_008" name="InventorAddTest" time="9.064"/>
  <system-out/>
  <testcase classname="com.rwire.testCases.ExpertAddressTest_008" name="CurrentAssigneeAddTest" time="10.525"/>
  <system-out/>
</testsuite> <!-- com.rwire.testCases.ExpertAddressTest_008 -->
