<?xml version="1.0" encoding="UTF-8"?>
<!-- Generated by org.testng.reporters.JUnitReportReporter -->
<testsuite hostname="RW-LAP-015" failures="0" tests="3" name="com.rwire.testCases.TC_NoFileUploadTest" time="91.807" errors="0" timestamp="2024-02-05T15:57:34 IST" skipped="0">
  <testcase classname="com.rwire.testCases.TC_NoFileUploadTest" name="Pub50FileUpTest" time="36.751"/>
  <system-out/>
  <testcase classname="com.rwire.testCases.TC_NoFileUploadTest" name="App50FileUpTest" time="27.565"/>
  <system-out/>
  <testcase classname="com.rwire.testCases.TC_NoFileUploadTest" name="Prn50FileUpTest" time="27.491"/>
  <system-out/>
</testsuite> <!-- com.rwire.testCases.TC_NoFileUploadTest -->
