<?xml version="1.0" encoding="UTF-8"?>
<!-- Generated by org.testng.reporters.JUnitReportReporter -->
<testsuite hostname="RW-LAP-015" failures="0" tests="7" name="com.rwire.testCases.ExpertClassesTest_005" time="90.700" errors="0" timestamp="2023-06-15T16:34:39 IST" skipped="0">
  <testcase classname="com.rwire.testCases.ExpertClassesTest_005" name="CPCTest" time="38.349"/>
  <system-out/>
  <testcase classname="com.rwire.testCases.ExpertClassesTest_005" name="CPCPTest" time="8.547"/>
  <system-out/>
  <testcase classname="com.rwire.testCases.ExpertClassesTest_005" name="ECLTest" time="8.647"/>
  <system-out/>
  <testcase classname="com.rwire.testCases.ExpertClassesTest_005" name="IPCTest" time="8.990"/>
  <system-out/>
  <testcase classname="com.rwire.testCases.ExpertClassesTest_005" name="JCLTest" time="8.876"/>
  <system-out/>
  <testcase classname="com.rwire.testCases.ExpertClassesTest_005" name="USCTest" time="8.611"/>
  <system-out/>
  <testcase classname="com.rwire.testCases.ExpertClassesTest_005" name="PCLTest" time="8.680"/>
  <system-out/>
</testsuite> <!-- com.rwire.testCases.ExpertClassesTest_005 -->
