<?xml version="1.0" encoding="UTF-8"?>
<!-- Generated by org.testng.reporters.JUnitReportReporter -->
<testsuite hostname="RW-LAP-015" failures="0" tests="1" name="com.rwire.testCases.TC_PatentViewTest" time="43.362" errors="0" timestamp="2024-02-05T15:57:34 IST" skipped="0">
  <testcase classname="com.rwire.testCases.TC_PatentViewTest" name="PatentViewTest" time="43.362"/>
  <system-out/>
</testsuite> <!-- com.rwire.testCases.TC_PatentViewTest -->
