<?xml version="1.0" encoding="UTF-8"?>
<!-- Generated by org.testng.reporters.JUnitReportReporter -->
<testsuite hostname="RW-LAP-015" failures="0" tests="9" name="com.rwire.testCases.TC_ExpertDatesTest_009" time="99.239" errors="0" timestamp="2024-02-05T15:57:34 IST" skipped="0">
  <testcase classname="com.rwire.testCases.TC_ExpertDatesTest_009" name="ApplicationDateTest" time="23.190"/>
  <system-out/>
  <testcase classname="com.rwire.testCases.TC_ExpertDatesTest_009" name="ApplicationYearTest" time="9.662"/>
  <system-out/>
  <testcase classname="com.rwire.testCases.TC_ExpertDatesTest_009" name="PCTAppDateTest" time="8.744"/>
  <system-out/>
  <testcase classname="com.rwire.testCases.TC_ExpertDatesTest_009" name="PCTPubDateTest" time="8.515"/>
  <system-out/>
  <testcase classname="com.rwire.testCases.TC_ExpertDatesTest_009" name="PriorityDateTest" time="8.508"/>
  <system-out/>
  <testcase classname="com.rwire.testCases.TC_ExpertDatesTest_009" name="PriorityYearTest" time="13.518"/>
  <system-out/>
  <testcase classname="com.rwire.testCases.TC_ExpertDatesTest_009" name="PublicationDateTest" time="9.744"/>
  <system-out/>
  <testcase classname="com.rwire.testCases.TC_ExpertDatesTest_009" name="PublicationYearTest" time="8.619"/>
  <system-out/>
  <testcase classname="com.rwire.testCases.TC_ExpertDatesTest_009" name="ExpiryDateTest" time="8.739"/>
  <system-out/>
</testsuite> <!-- com.rwire.testCases.TC_ExpertDatesTest_009 -->
