<?xml version="1.0" encoding="UTF-8"?>
<!-- Generated by org.testng.reporters.JUnitReportReporter -->
<testsuite hostname="RW-LAP-015" failures="0" tests="1" name="com.rwire.testCases.TC_EmailExportTest" time="159.310" errors="0" timestamp="2023-07-06T17:33:50 IST" skipped="0">
  <testcase classname="com.rwire.testCases.TC_EmailExportTest" name="Emailexport" time="159.310"/>
  <system-out/>
</testsuite> <!-- com.rwire.testCases.TC_EmailExportTest -->
