<?xml version="1.0" encoding="UTF-8"?>
<!-- Generated by org.testng.reporters.JUnitReportReporter -->
<testsuite hostname="RW-LAP-015" failures="0" tests="11" name="com.rwire.testCases.TC_ExpertPeopleO_006" time="114.587" errors="0" timestamp="2024-02-05T15:57:34 IST" skipped="0">
  <testcase classname="com.rwire.testCases.TC_ExpertPeopleO_006" name="CAOriginalTest" time="23.117"/>
  <system-out/>
  <testcase classname="com.rwire.testCases.TC_ExpertPeopleO_006" name="CAStandardizedTest" time="10.792"/>
  <system-out/>
  <testcase classname="com.rwire.testCases.TC_ExpertPeopleO_006" name="CANormalizedTest" time="10.760"/>
  <system-out/>
  <testcase classname="com.rwire.testCases.TC_ExpertPeopleO_006" name="InventorTest" time="8.618"/>
  <system-out/>
  <testcase classname="com.rwire.testCases.TC_ExpertPeopleO_006" name="ExaminerTest" time="8.563"/>
  <system-out/>
  <testcase classname="com.rwire.testCases.TC_ExpertPeopleO_006" name="AttorneyAgentTest" time="8.827"/>
  <system-out/>
  <testcase classname="com.rwire.testCases.TC_ExpertPeopleO_006" name="AAPOriginalTest" time="8.720"/>
  <system-out/>
  <testcase classname="com.rwire.testCases.TC_ExpertPeopleO_006" name="AAPStandardizedTest" time="8.757"/>
  <system-out/>
  <testcase classname="com.rwire.testCases.TC_ExpertPeopleO_006" name="AAPNormalizedTest" time="8.663"/>
  <system-out/>
  <testcase classname="com.rwire.testCases.TC_ExpertPeopleO_006" name="CorrespondentTest" time="9.059"/>
  <system-out/>
  <testcase classname="com.rwire.testCases.TC_ExpertPeopleO_006" name="AssigneeAppTest" time="8.711"/>
  <system-out/>
</testsuite> <!-- com.rwire.testCases.TC_ExpertPeopleO_006 -->
